d:\cocos2d-x-2.2.2\projects\narutosenki\proj.win32\debug.win32\vc141.pdb
d:\cocos2d-x-2.2.2\projects\narutosenki\proj.win32\debug.win32\vc141.idb
d:\cocos2d-x-2.2.2\projects\narutosenki\proj.win32\debug.win32\gamelayer.obj
d:\cocos2d-x-2.2.2\projects\narutosenki\proj.win32\debug.win32\gamelayer.cod
d:\cocos2d-x-2.2.2\projects\narutosenki\proj.win32\debug.win32\gameover.obj
d:\cocos2d-x-2.2.2\projects\narutosenki\proj.win32\debug.win32\gameover.cod
d:\cocos2d-x-2.2.2\projects\narutosenki\proj.win32\debug.win32\gamescene.obj
d:\cocos2d-x-2.2.2\projects\narutosenki\proj.win32\debug.win32\gamescene.cod
d:\cocos2d-x-2.2.2\projects\narutosenki\proj.win32\debug.win32\gearlayer.obj
d:\cocos2d-x-2.2.2\projects\narutosenki\proj.win32\debug.win32\gearlayer.cod
d:\cocos2d-x-2.2.2\projects\narutosenki\proj.win32\debug.win32\hpbar.obj
d:\cocos2d-x-2.2.2\projects\narutosenki\proj.win32\debug.win32\hpbar.cod
d:\cocos2d-x-2.2.2\projects\narutosenki\proj.win32\debug.win32\hudlayer.obj
d:\cocos2d-x-2.2.2\projects\narutosenki\proj.win32\debug.win32\hudlayer.cod
d:\cocos2d-x-2.2.2\projects\narutosenki\proj.win32\debug.win32\joystick.obj
d:\cocos2d-x-2.2.2\projects\narutosenki\proj.win32\debug.win32\joystick.cod
d:\cocos2d-x-2.2.2\projects\narutosenki\proj.win32\debug.win32\loadlayer.obj
d:\cocos2d-x-2.2.2\projects\narutosenki\proj.win32\debug.win32\loadlayer.cod
d:\cocos2d-x-2.2.2\projects\narutosenki\proj.win32\debug.win32\ccscrewlayer.obj
d:\cocos2d-x-2.2.2\projects\narutosenki\proj.win32\debug.win32\ccscrewlayer.cod
d:\cocos2d-x-2.2.2\projects\narutosenki\proj.win32\debug.win32\ccshake.obj
d:\cocos2d-x-2.2.2\projects\narutosenki\proj.win32\debug.win32\ccshake.cod
d:\cocos2d-x-2.2.2\projects\narutosenki\proj.win32\debug.win32\ccstrokelabel.obj
d:\cocos2d-x-2.2.2\projects\narutosenki\proj.win32\debug.win32\ccstrokelabel.cod
d:\cocos2d-x-2.2.2\projects\narutosenki\proj.win32\debug.win32\ktools.obj
d:\cocos2d-x-2.2.2\projects\narutosenki\proj.win32\debug.win32\ktools.cod
d:\cocos2d-x-2.2.2\projects\narutosenki\proj.win32\debug.win32\md5checksumdefines.obj
d:\cocos2d-x-2.2.2\projects\narutosenki\proj.win32\debug.win32\md5checksumdefines.cod
d:\cocos2d-x-2.2.2\projects\narutosenki\proj.win32\debug.win32\networklayer.obj
d:\cocos2d-x-2.2.2\projects\narutosenki\proj.win32\debug.win32\networklayer.cod
d:\cocos2d-x-2.2.2\projects\narutosenki\proj.win32\debug.win32\pauselayer.obj
d:\cocos2d-x-2.2.2\projects\narutosenki\proj.win32\debug.win32\pauselayer.cod
d:\cocos2d-x-2.2.2\projects\narutosenki\proj.win32\debug.win32\rankinglayer.obj
d:\cocos2d-x-2.2.2\projects\narutosenki\proj.win32\debug.win32\rankinglayer.cod
d:\cocos2d-x-2.2.2\projects\narutosenki\proj.win32\debug.win32\selectlayer.obj
d:\cocos2d-x-2.2.2\projects\narutosenki\proj.win32\debug.win32\selectlayer.cod
d:\cocos2d-x-2.2.2\projects\narutosenki\proj.win32\debug.win32\skilllayer.obj
d:\cocos2d-x-2.2.2\projects\narutosenki\proj.win32\debug.win32\skilllayer.cod
d:\cocos2d-x-2.2.2\projects\narutosenki\proj.win32\debug.win32\startmenu.obj
d:\cocos2d-x-2.2.2\projects\narutosenki\proj.win32\debug.win32\startmenu.cod
d:\cocos2d-x-2.2.2\projects\narutosenki\proj.win32\debug.win32\main.obj
d:\cocos2d-x-2.2.2\projects\narutosenki\proj.win32\debug.win32\main.cod
d:\cocos2d-x-2.2.2\projects\narutosenki\proj.win32\debug.win32\actionbutton.obj
d:\cocos2d-x-2.2.2\projects\narutosenki\proj.win32\debug.win32\actionbutton.cod
d:\cocos2d-x-2.2.2\projects\narutosenki\proj.win32\debug.win32\actionmanager.obj
d:\cocos2d-x-2.2.2\projects\narutosenki\proj.win32\debug.win32\actionmanager.cod
d:\cocos2d-x-2.2.2\projects\narutosenki\proj.win32\debug.win32\appdelegate.obj
d:\cocos2d-x-2.2.2\projects\narutosenki\proj.win32\debug.win32\appdelegate.cod
d:\cocos2d-x-2.2.2\projects\narutosenki\proj.win32\debug.win32\bglayer.obj
d:\cocos2d-x-2.2.2\projects\narutosenki\proj.win32\debug.win32\bglayer.cod
d:\cocos2d-x-2.2.2\projects\narutosenki\proj.win32\debug.win32\characters.obj
d:\cocos2d-x-2.2.2\projects\narutosenki\proj.win32\debug.win32\characters.cod
d:\cocos2d-x-2.2.2\projects\narutosenki\proj.win32\debug.win32\creditslayer.obj
d:\cocos2d-x-2.2.2\projects\narutosenki\proj.win32\debug.win32\creditslayer.cod
d:\cocos2d-x-2.2.2\projects\narutosenki\proj.win32\debug.win32\effect.obj
d:\cocos2d-x-2.2.2\projects\narutosenki\proj.win32\debug.win32\effect.cod
d:\cocos2d-x-2.2.2\projects\narutosenki\proj.win32\debug.win32\element.obj
d:\cocos2d-x-2.2.2\projects\narutosenki\proj.win32\debug.win32\element.cod
d:\cocos2d-x-2.2.2\projects\narutosenki\proj.win32\debug.win32\sqlite3.obj
d:\cocos2d-x-2.2.2\projects\narutosenki\proj.win32\debug.win32\sqlite3.cod
d:\cocos2d-x-2.2.2\projects\narutosenki\proj.win32\debug.win32\narutosenki.tlog\cl.command.1.tlog
d:\cocos2d-x-2.2.2\projects\narutosenki\proj.win32\debug.win32\narutosenki.tlog\cl.read.1.tlog
d:\cocos2d-x-2.2.2\projects\narutosenki\proj.win32\debug.win32\narutosenki.tlog\cl.write.1.tlog
d:\cocos2d-x-2.2.2\projects\narutosenki\proj.win32\debug.win32\narutosenki.tlog\link.command.1.tlog
d:\cocos2d-x-2.2.2\projects\narutosenki\proj.win32\debug.win32\narutosenki.tlog\link.read.1.tlog
d:\cocos2d-x-2.2.2\projects\narutosenki\proj.win32\debug.win32\narutosenki.tlog\link.write.1.tlog
